[2021-06-23 10:09:27,562] INFO Starting the log cleaner (kafka.log.LogCleaner)
[2021-06-23 10:09:27,607] INFO [kafka-log-cleaner-thread-0]: Starting (kafka.log.LogCleaner)
[2021-06-23 11:20:57,616] INFO Shutting down the log cleaner. (kafka.log.LogCleaner)
[2021-06-23 11:20:57,617] INFO [kafka-log-cleaner-thread-0]: Shutting down (kafka.log.LogCleaner)
[2021-06-23 11:20:57,617] INFO [kafka-log-cleaner-thread-0]: Stopped (kafka.log.LogCleaner)
[2021-06-23 11:20:57,617] INFO [kafka-log-cleaner-thread-0]: Shutdown completed (kafka.log.LogCleaner)
[2021-06-23 11:26:00,347] INFO Starting the log cleaner (kafka.log.LogCleaner)
[2021-06-23 11:26:00,383] INFO [kafka-log-cleaner-thread-0]: Starting (kafka.log.LogCleaner)
[2021-06-23 11:28:11,889] INFO Starting the log cleaner (kafka.log.LogCleaner)
[2021-06-23 11:28:11,925] INFO [kafka-log-cleaner-thread-0]: Starting (kafka.log.LogCleaner)
[2021-06-23 11:28:13,002] INFO Shutting down the log cleaner. (kafka.log.LogCleaner)
[2021-06-23 11:28:13,002] INFO [kafka-log-cleaner-thread-0]: Shutting down (kafka.log.LogCleaner)
[2021-06-23 11:28:13,002] INFO [kafka-log-cleaner-thread-0]: Stopped (kafka.log.LogCleaner)
[2021-06-23 11:28:13,003] INFO [kafka-log-cleaner-thread-0]: Shutdown completed (kafka.log.LogCleaner)
[2021-06-23 11:32:34,048] INFO Starting the log cleaner (kafka.log.LogCleaner)
[2021-06-23 11:32:34,085] INFO [kafka-log-cleaner-thread-0]: Starting (kafka.log.LogCleaner)
[2021-06-23 13:20:20,766] INFO Starting the log cleaner (kafka.log.LogCleaner)
[2021-06-23 13:20:20,803] INFO [kafka-log-cleaner-thread-0]: Starting (kafka.log.LogCleaner)
[2021-06-23 14:08:58,598] INFO Shutting down the log cleaner. (kafka.log.LogCleaner)
[2021-06-23 14:08:58,598] INFO [kafka-log-cleaner-thread-0]: Shutting down (kafka.log.LogCleaner)
[2021-06-23 14:08:58,599] INFO [kafka-log-cleaner-thread-0]: Stopped (kafka.log.LogCleaner)
[2021-06-23 14:08:58,599] INFO [kafka-log-cleaner-thread-0]: Shutdown completed (kafka.log.LogCleaner)
[2021-06-23 14:10:29,781] INFO Starting the log cleaner (kafka.log.LogCleaner)
[2021-06-23 14:10:29,819] INFO [kafka-log-cleaner-thread-0]: Starting (kafka.log.LogCleaner)
